# JRE version: OpenJDK Runtime Environment (8.0_242) (build 1.8.0_242-release-1644-b3-6222593)
# Java VM: OpenJDK 64-Bit Server VM (25.242-b3-6222593 mixed mode linux-amd64 compressed oops)
Heap:
 PSYoungGen      total 309248K, used 206992K [0x00000000eab00000, 0x0000000100000000, 0x0000000100000000)
  eden space 272384K, 73% used [0x00000000eab00000,0x00000000f6fd36a0,0x00000000fb500000)
  from space 36864K, 14% used [0x00000000fd900000,0x00000000fde50b10,0x00000000ffd00000)
  to   space 36864K, 0% used [0x00000000fb500000,0x00000000fb500000,0x00000000fd900000)
 ParOldGen       total 128000K, used 53170K [0x00000000c0000000, 0x00000000c7d00000, 0x00000000eab00000)
  object space 128000K, 41% used [0x00000000c0000000,0x00000000c33ec948,0x00000000c7d00000)
 Metaspace       used 95344K, capacity 98500K, committed 100912K, reserved 1136640K
  class space    used 12242K, capacity 12901K, committed 13360K, reserved 1048576K
GC Heap History (10 events):
Event: 1472,291 GC heap before
{Heap before GC invocations=16 (full 3):
 PSYoungGen      total 297984K, used 297982K [0x00000000eab00000, 0x0000000100000000, 0x0000000100000000)
  eden space 273408K, 100% used [0x00000000eab00000,0x00000000fb600000,0x00000000fb600000)
  from space 24576K, 99% used [0x00000000fe800000,0x00000000fffff938,0x0000000100000000)
  to   space 37888K, 0% used [0x00000000fb600000,0x00000000fb600000,0x00000000fdb00000)
 ParOldGen       total 100864K, used 54276K [0x00000000c0000000, 0x00000000c6280000, 0x00000000eab00000)
  object space 100864K, 53% used [0x00000000c0000000,0x00000000c3501270,0x00000000c6280000)
 Metaspace       used 91677K, capacity 95608K, committed 95792K, reserved 1132544K
  class space    used 11946K, capacity 12776K, committed 12848K, reserved 1048576K
Event: 1472,386 GC heap after
Heap after GC invocations=16 (full 3):
 PSYoungGen      total 297472K, used 23822K [0x00000000eab00000, 0x0000000100000000, 0x0000000100000000)
  eden space 273408K, 0% used [0x00000000eab00000,0x00000000eab00000,0x00000000fb600000)
  from space 24064K, 98% used [0x00000000fb600000,0x00000000fcd43848,0x00000000fcd80000)
  to   space 38912K, 0% used [0x00000000fda00000,0x00000000fda00000,0x0000000100000000)
 ParOldGen       total 100864K, used 69893K [0x00000000c0000000, 0x00000000c6280000, 0x00000000eab00000)
  object space 100864K, 69% used [0x00000000c0000000,0x00000000c44415d0,0x00000000c6280000)
 Metaspace       used 91677K, capacity 95608K, committed 95792K, reserved 1132544K
  class space    used 11946K, capacity 12776K, committed 12848K, reserved 1048576K
}
Event: 7348,156 GC heap before
{Heap before GC invocations=17 (full 3):
 PSYoungGen      total 297472K, used 297230K [0x00000000eab00000, 0x0000000100000000, 0x0000000100000000)
  eden space 273408K, 100% used [0x00000000eab00000,0x00000000fb600000,0x00000000fb600000)
  from space 24064K, 98% used [0x00000000fb600000,0x00000000fcd43848,0x00000000fcd80000)
  to   space 38912K, 0% used [0x00000000fda00000,0x00000000fda00000,0x0000000100000000)
 ParOldGen       total 100864K, used 69893K [0x00000000c0000000, 0x00000000c6280000, 0x00000000eab00000)
  object space 100864K, 69% used [0x00000000c0000000,0x00000000c44415d0,0x00000000c6280000)
 Metaspace       used 94209K, capacity 98460K, committed 98600K, reserved 1134592K
  class space    used 12247K, capacity 13120K, committed 13232K, reserved 1048576K
Event: 7348,188 GC heap after
Heap after GC invocations=17 (full 3):
 PSYoungGen      total 311296K, used 19859K [0x00000000eab00000, 0x0000000100000000, 0x0000000100000000)
  eden space 272384K, 0% used [0x00000000eab00000,0x00000000eab00000,0x00000000fb500000)
  from space 38912K, 51% used [0x00000000fda00000,0x00000000fed64d90,0x0000000100000000)
  to   space 37888K, 0% used [0x00000000fb500000,0x00000000fb500000,0x00000000fda00000)
 ParOldGen       total 100864K, used 69901K [0x00000000c0000000, 0x00000000c6280000, 0x00000000eab00000)
  object space 100864K, 69% used [0x00000000c0000000,0x00000000c44435d0,0x00000000c6280000)
 Metaspace       used 94209K, capacity 98460K, committed 98600K, reserved 1134592K
  class space    used 12247K, capacity 13120K, committed 13232K, reserved 1048576K
}
Event: 7348,193 GC heap before
{Heap before GC invocations=18 (full 3):
 PSYoungGen      total 311296K, used 24450K [0x00000000eab00000, 0x0000000100000000, 0x0000000100000000)
  eden space 272384K, 1% used [0x00000000eab00000,0x00000000eaf7bb60,0x00000000fb500000)
  from space 38912K, 51% used [0x00000000fda00000,0x00000000fed64d90,0x0000000100000000)
  to   space 37888K, 0% used [0x00000000fb500000,0x00000000fb500000,0x00000000fda00000)
 ParOldGen       total 100864K, used 69901K [0x00000000c0000000, 0x00000000c6280000, 0x00000000eab00000)
  object space 100864K, 69% used [0x00000000c0000000,0x00000000c44435d0,0x00000000c6280000)
 Metaspace       used 94211K, capacity 98460K, committed 98600K, reserved 1134592K
  class space    used 12247K, capacity 13120K, committed 13232K, reserved 1048576K
Event: 7348,217 GC heap after
Heap after GC invocations=18 (full 3):
 PSYoungGen      total 291328K, used 18918K [0x00000000eab00000, 0x00000000ffd00000, 0x0000000100000000)
  eden space 272384K, 0% used [0x00000000eab00000,0x00000000eab00000,0x00000000fb500000)
  from space 18944K, 99% used [0x00000000fb500000,0x00000000fc779bd8,0x00000000fc780000)
  to   space 36864K, 0% used [0x00000000fd900000,0x00000000fd900000,0x00000000ffd00000)
 ParOldGen       total 100864K, used 69909K [0x00000000c0000000, 0x00000000c6280000, 0x00000000eab00000)
  object space 100864K, 69% used [0x00000000c0000000,0x00000000c44455d0,0x00000000c6280000)
 Metaspace       used 94211K, capacity 98460K, committed 98600K, reserved 1134592K
  class space    used 12247K, capacity 13120K, committed 13232K, reserved 1048576K
}
Event: 7348,217 GC heap before
{Heap before GC invocations=19 (full 4):
 PSYoungGen      total 291328K, used 18918K [0x00000000eab00000, 0x00000000ffd00000, 0x0000000100000000)
  eden space 272384K, 0% used [0x00000000eab00000,0x00000000eab00000,0x00000000fb500000)
  from space 18944K, 99% used [0x00000000fb500000,0x00000000fc779bd8,0x00000000fc780000)
  to   space 36864K, 0% used [0x00000000fd900000,0x00000000fd900000,0x00000000ffd00000)
 ParOldGen       total 100864K, used 69909K [0x00000000c0000000, 0x00000000c6280000, 0x00000000eab00000)
  object space 100864K, 69% used [0x00000000c0000000,0x00000000c44455d0,0x00000000c6280000)
 Metaspace       used 94211K, capacity 98460K, committed 98600K, reserved 1134592K
  class space    used 12247K, capacity 13120K, committed 13232K, reserved 1048576K
Event: 7348,489 GC heap after
Heap after GC invocations=19 (full 4):
 PSYoungGen      total 291328K, used 0K [0x00000000eab00000, 0x00000000ffd00000, 0x0000000100000000)
  eden space 272384K, 0% used [0x00000000eab00000,0x00000000eab00000,0x00000000fb500000)
  from space 18944K, 0% used [0x00000000fb500000,0x00000000fb500000,0x00000000fc780000)
  to   space 36864K, 0% used [0x00000000fd900000,0x00000000fd900000,0x00000000ffd00000)
 ParOldGen       total 128000K, used 53162K [0x00000000c0000000, 0x00000000c7d00000, 0x00000000eab00000)
  object space 128000K, 41% used [0x00000000c0000000,0x00000000c33ea948,0x00000000c7d00000)
 Metaspace       used 90432K, capacity 93312K, committed 98600K, reserved 1134592K
  class space    used 11677K, capacity 12285K, committed 13232K, reserved 1048576K
}
Event: 7351,192 GC heap before
{Heap before GC invocations=20 (full 4):
 PSYoungGen      total 291328K, used 272384K [0x00000000eab00000, 0x00000000ffd00000, 0x0000000100000000)
  eden space 272384K, 100% used [0x00000000eab00000,0x00000000fb500000,0x00000000fb500000)
  from space 18944K, 0% used [0x00000000fb500000,0x00000000fb500000,0x00000000fc780000)
  to   space 36864K, 0% used [0x00000000fd900000,0x00000000fd900000,0x00000000ffd00000)
 ParOldGen       total 128000K, used 53162K [0x00000000c0000000, 0x00000000c7d00000, 0x00000000eab00000)
  object space 128000K, 41% used [0x00000000c0000000,0x00000000c33ea948,0x00000000c7d00000)
 Metaspace       used 93207K, capacity 96266K, committed 99112K, reserved 1134592K
  class space    used 12023K, capacity 12662K, committed 13232K, reserved 1048576K
Event: 7351,205 GC heap after
Heap after GC invocations=20 (full 4):
 PSYoungGen      total 309248K, used 5442K [0x00000000eab00000, 0x0000000100000000, 0x0000000100000000)
  eden space 272384K, 0% used [0x00000000eab00000,0x00000000eab00000,0x00000000fb500000)
  from space 36864K, 14% used [0x00000000fd900000,0x00000000fde50b10,0x00000000ffd00000)
  to   space 36864K, 0% used [0x00000000fb500000,0x00000000fb500000,0x00000000fd900000)
 ParOldGen       total 128000K, used 53170K [0x00000000c0000000, 0x00000000c7d00000, 0x00000000eab00000)
  object space 128000K, 41% used [0x00000000c0000000,0x00000000c33ec948,0x00000000c7d00000)
 Metaspace       used 93207K, capacity 96266K, committed 99112K, reserved 1134592K
  class space    used 12023K, capacity 12662K, committed 13232K, reserved 1048576K
}

