# JRE version: OpenJDK Runtime Environment (8.0_212) (build 1.8.0_212-release-1586-b4-5784211)
# Java VM: OpenJDK 64-Bit Server VM (25.212-b4-5784211 mixed mode linux-amd64 compressed oops)
Heap:
 PSYoungGen      total 395776K, used 122068K [0x00000000e0000000, 0x00000000fb600000, 0x0000000100000000)
  eden space 349184K, 34% used [0x00000000e0000000,0x00000000e77351c0,0x00000000f5500000)
  from space 46592K, 0% used [0x00000000f5500000,0x00000000f5500000,0x00000000f8280000)
  to   space 49664K, 0% used [0x00000000f8580000,0x00000000f8580000,0x00000000fb600000)
 ParOldGen       total 206336K, used 52415K [0x00000000a0000000, 0x00000000ac980000, 0x00000000e0000000)
  object space 206336K, 25% used [0x00000000a0000000,0x00000000a332ff18,0x00000000ac980000)
 Metaspace       used 110428K, capacity 114340K, committed 119720K, reserved 1153024K
  class space    used 14140K, capacity 14956K, committed 16040K, reserved 1048576K
GC Heap History (10 events):
Event: 301,460 GC heap before
{Heap before GC invocations=20 (full 4):
 PSYoungGen      total 353280K, used 20577K [0x00000000e0000000, 0x00000000f8700000, 0x0000000100000000)
  eden space 324608K, 0% used [0x00000000e0000000,0x00000000e0000000,0x00000000f3d00000)
  from space 28672K, 71% used [0x00000000f6b00000,0x00000000f7f18788,0x00000000f8700000)
  to   space 37888K, 0% used [0x00000000f3d00000,0x00000000f3d00000,0x00000000f6200000)
 ParOldGen       total 130560K, used 68871K [0x00000000a0000000, 0x00000000a7f80000, 0x00000000e0000000)
  object space 130560K, 52% used [0x00000000a0000000,0x00000000a4341d88,0x00000000a7f80000)
 Metaspace       used 93802K, capacity 98444K, committed 98600K, reserved 1134592K
  class space    used 12168K, capacity 13152K, committed 13224K, reserved 1048576K
Event: 301,809 GC heap after
Heap after GC invocations=20 (full 4):
 PSYoungGen      total 353280K, used 0K [0x00000000e0000000, 0x00000000f8700000, 0x0000000100000000)
  eden space 324608K, 0% used [0x00000000e0000000,0x00000000e0000000,0x00000000f3d00000)
  from space 28672K, 0% used [0x00000000f6b00000,0x00000000f6b00000,0x00000000f8700000)
  to   space 37888K, 0% used [0x00000000f3d00000,0x00000000f3d00000,0x00000000f6200000)
 ParOldGen       total 206336K, used 65520K [0x00000000a0000000, 0x00000000ac980000, 0x00000000e0000000)
  object space 206336K, 31% used [0x00000000a0000000,0x00000000a3ffc288,0x00000000ac980000)
 Metaspace       used 93657K, capacity 98096K, committed 98600K, reserved 1134592K
  class space    used 12127K, capacity 13098K, committed 13224K, reserved 1048576K
}
Event: 305,744 GC heap before
{Heap before GC invocations=21 (full 4):
 PSYoungGen      total 353280K, used 324608K [0x00000000e0000000, 0x00000000f8700000, 0x0000000100000000)
  eden space 324608K, 100% used [0x00000000e0000000,0x00000000f3d00000,0x00000000f3d00000)
  from space 28672K, 0% used [0x00000000f6b00000,0x00000000f6b00000,0x00000000f8700000)
  to   space 37888K, 0% used [0x00000000f3d00000,0x00000000f3d00000,0x00000000f6200000)
 ParOldGen       total 206336K, used 65520K [0x00000000a0000000, 0x00000000ac980000, 0x00000000e0000000)
  object space 206336K, 31% used [0x00000000a0000000,0x00000000a3ffc288,0x00000000ac980000)
 Metaspace       used 106216K, capacity 111402K, committed 111528K, reserved 1146880K
  class space    used 13899K, capacity 14982K, committed 15016K, reserved 1048576K
Event: 305,789 GC heap after
Heap after GC invocations=21 (full 4):
 PSYoungGen      total 362496K, used 32690K [0x00000000e0000000, 0x00000000fac00000, 0x0000000100000000)
  eden space 324608K, 0% used [0x00000000e0000000,0x00000000e0000000,0x00000000f3d00000)
  from space 37888K, 86% used [0x00000000f3d00000,0x00000000f5cec970,0x00000000f6200000)
  to   space 41472K, 0% used [0x00000000f8380000,0x00000000f8380000,0x00000000fac00000)
 ParOldGen       total 206336K, used 65528K [0x00000000a0000000, 0x00000000ac980000, 0x00000000e0000000)
  object space 206336K, 31% used [0x00000000a0000000,0x00000000a3ffe288,0x00000000ac980000)
 Metaspace       used 106216K, capacity 111402K, committed 111528K, reserved 1146880K
  class space    used 13899K, capacity 14982K, committed 15016K, reserved 1048576K
}
Event: 1287,893 GC heap before
{Heap before GC invocations=22 (full 4):
 PSYoungGen      total 362496K, used 357298K [0x00000000e0000000, 0x00000000fac00000, 0x0000000100000000)
  eden space 324608K, 100% used [0x00000000e0000000,0x00000000f3d00000,0x00000000f3d00000)
  from space 37888K, 86% used [0x00000000f3d00000,0x00000000f5cec970,0x00000000f6200000)
  to   space 41472K, 0% used [0x00000000f8380000,0x00000000f8380000,0x00000000fac00000)
 ParOldGen       total 206336K, used 65528K [0x00000000a0000000, 0x00000000ac980000, 0x00000000e0000000)
  object space 206336K, 31% used [0x00000000a0000000,0x00000000a3ffe288,0x00000000ac980000)
 Metaspace       used 113265K, capacity 119342K, committed 119464K, reserved 1153024K
  class space    used 14669K, capacity 15927K, committed 16040K, reserved 1048576K
Event: 1287,940 GC heap after
Heap after GC invocations=22 (full 4):
 PSYoungGen      total 390656K, used 39286K [0x00000000e0000000, 0x00000000fb000000, 0x0000000100000000)
  eden space 349184K, 0% used [0x00000000e0000000,0x00000000e0000000,0x00000000f5500000)
  from space 41472K, 94% used [0x00000000f8380000,0x00000000fa9dda90,0x00000000fac00000)
  to   space 46592K, 0% used [0x00000000f5500000,0x00000000f5500000,0x00000000f8280000)
 ParOldGen       total 206336K, used 65536K [0x00000000a0000000, 0x00000000ac980000, 0x00000000e0000000)
  object space 206336K, 31% used [0x00000000a0000000,0x00000000a4000288,0x00000000ac980000)
 Metaspace       used 113265K, capacity 119342K, committed 119464K, reserved 1153024K
  class space    used 14669K, capacity 15927K, committed 16040K, reserved 1048576K
}
Event: 3901,809 GC heap before
{Heap before GC invocations=23 (full 4):
 PSYoungGen      total 390656K, used 243423K [0x00000000e0000000, 0x00000000fb000000, 0x0000000100000000)
  eden space 349184K, 58% used [0x00000000e0000000,0x00000000ec75a2b0,0x00000000f5500000)
  from space 41472K, 94% used [0x00000000f8380000,0x00000000fa9dda90,0x00000000fac00000)
  to   space 46592K, 0% used [0x00000000f5500000,0x00000000f5500000,0x00000000f8280000)
 ParOldGen       total 206336K, used 65536K [0x00000000a0000000, 0x00000000ac980000, 0x00000000e0000000)
  object space 206336K, 31% used [0x00000000a0000000,0x00000000a4000288,0x00000000ac980000)
 Metaspace       used 113559K, capacity 119576K, committed 119720K, reserved 1153024K
  class space    used 14687K, capacity 15934K, committed 16040K, reserved 1048576K
Event: 3901,846 GC heap after
Heap after GC invocations=23 (full 4):
 PSYoungGen      total 395776K, used 35788K [0x00000000e0000000, 0x00000000fb600000, 0x0000000100000000)
  eden space 349184K, 0% used [0x00000000e0000000,0x00000000e0000000,0x00000000f5500000)
  from space 46592K, 76% used [0x00000000f5500000,0x00000000f77f33e8,0x00000000f8280000)
  to   space 49664K, 0% used [0x00000000f8580000,0x00000000f8580000,0x00000000fb600000)
 ParOldGen       total 206336K, used 65544K [0x00000000a0000000, 0x00000000ac980000, 0x00000000e0000000)
  object space 206336K, 31% used [0x00000000a0000000,0x00000000a4002288,0x00000000ac980000)
 Metaspace       used 113559K, capacity 119576K, committed 119720K, reserved 1153024K
  class space    used 14687K, capacity 15934K, committed 16040K, reserved 1048576K
}
Event: 3901,846 GC heap before
{Heap before GC invocations=24 (full 5):
 PSYoungGen      total 395776K, used 35788K [0x00000000e0000000, 0x00000000fb600000, 0x0000000100000000)
  eden space 349184K, 0% used [0x00000000e0000000,0x00000000e0000000,0x00000000f5500000)
  from space 46592K, 76% used [0x00000000f5500000,0x00000000f77f33e8,0x00000000f8280000)
  to   space 49664K, 0% used [0x00000000f8580000,0x00000000f8580000,0x00000000fb600000)
 ParOldGen       total 206336K, used 65544K [0x00000000a0000000, 0x00000000ac980000, 0x00000000e0000000)
  object space 206336K, 31% used [0x00000000a0000000,0x00000000a4002288,0x00000000ac980000)
 Metaspace       used 113559K, capacity 119576K, committed 119720K, reserved 1153024K
  class space    used 14687K, capacity 15934K, committed 16040K, reserved 1048576K
Event: 3902,150 GC heap after
Heap after GC invocations=24 (full 5):
 PSYoungGen      total 395776K, used 0K [0x00000000e0000000, 0x00000000fb600000, 0x0000000100000000)
  eden space 349184K, 0% used [0x00000000e0000000,0x00000000e0000000,0x00000000f5500000)
  from space 46592K, 0% used [0x00000000f5500000,0x00000000f5500000,0x00000000f8280000)
  to   space 49664K, 0% used [0x00000000f8580000,0x00000000f8580000,0x00000000fb600000)
 ParOldGen       total 206336K, used 52415K [0x00000000a0000000, 0x00000000ac980000, 0x00000000e0000000)
  object space 206336K, 25% used [0x00000000a0000000,0x00000000a332ff18,0x00000000ac980000)
 Metaspace       used 109821K, capacity 113210K, committed 119720K, reserved 1153024K
  class space    used 14053K, capacity 14785K, committed 16040K, reserved 1048576K
}

